[debug] [2019-04-08T19:01:28.400Z] ----------------------------------------------------------------------
[debug] [2019-04-08T19:01:28.407Z] Command:       /usr/bin/node /usr/bin/firebase serve
[debug] [2019-04-08T19:01:28.408Z] CLI Version:   6.5.0
[debug] [2019-04-08T19:01:28.408Z] Platform:      linux
[debug] [2019-04-08T19:01:28.408Z] Node Version:  v10.15.3
[debug] [2019-04-08T19:01:28.431Z] Time:          Mon Apr 08 2019 22:01:28 GMT+0300 (East Africa Time)
[debug] [2019-04-08T19:01:28.431Z] ----------------------------------------------------------------------
[debug] 
[debug] [2019-04-08T19:01:28.503Z] > command requires scopes: ["email","openid","https://www.googleapis.com/auth/cloudplatformprojects.readonly","https://www.googleapis.com/auth/firebase","https://www.googleapis.com/auth/cloud-platform"]
[debug] [2019-04-08T19:01:28.503Z] > authorizing via signed-in user
[debug] [2019-04-08T19:01:28.503Z] [iam] checking project kibart-gallery for permissions ["firebase.projects.get"]
[debug] [2019-04-08T19:01:28.506Z] > refreshing access token with scopes: ["email","https://www.googleapis.com/auth/cloud-platform","https://www.googleapis.com/auth/cloudplatformprojects.readonly","https://www.googleapis.com/auth/firebase","openid"]
[debug] [2019-04-08T19:01:28.506Z] >>> HTTP REQUEST POST https://www.googleapis.com/oauth2/v3/token  
 <request body omitted>
[debug] [2019-04-08T19:01:29.779Z] <<< HTTP RESPONSE 200
[debug] [2019-04-08T19:01:29.835Z] >>> HTTP REQUEST POST https://cloudresourcemanager.googleapis.com/v1/projects/kibart-gallery:testIamPermissions  

[debug] [2019-04-08T19:01:32.191Z] <<< HTTP RESPONSE 200
[debug] [2019-04-08T19:01:32.195Z] >>> HTTP REQUEST GET https://cloudresourcemanager.googleapis.com/v1/projects/kibart-gallery  
 
[debug] [2019-04-08T19:01:34.159Z] <<< HTTP RESPONSE 200
[info] 
[info] === Serving from '/home/kibdev/Documents/webProjects/kibartGallery'...
[info] 
[debug] [2019-04-08T19:01:40.973Z] Error: EACCES: permission denied, mkdir '/usr/lib/node_modules/firebase-tools/node_modules/@google-cloud/functions-emulator/logs'
    at Object.mkdirSync (fs.js:752:3)
    at Object.assertLogsPath (/usr/lib/node_modules/firebase-tools/node_modules/@google-cloud/functions-emulator/src/emulator/logs.js:65:10)
    at new Controller (/usr/lib/node_modules/firebase-tools/node_modules/@google-cloud/functions-emulator/src/cli/controller.js:77:32)
    at FunctionsEmulator.start (/usr/lib/node_modules/firebase-tools/lib/functionsEmulator.js:102:23)
    at Object.start (/usr/lib/node_modules/firebase-tools/lib/serve/functions.js:7:33)
    at /usr/lib/node_modules/firebase-tools/lib/serve/index.js:15:23
    at arrayMap (/usr/lib/node_modules/firebase-tools/node_modules/lodash/lodash.js:639:23)
    at Function.map (/usr/lib/node_modules/firebase-tools/node_modules/lodash/lodash.js:9556:14)
    at _serve (/usr/lib/node_modules/firebase-tools/lib/serve/index.js:13:26)
    at Command.module.exports.Command.description.option.option.option.option.before.action [as _action] (/usr/lib/node_modules/firebase-tools/lib/commands/serve.js:55:12)
[error] 
[error] Error: An unexpected error has occurred.
[debug] [2019-04-08T19:05:19.360Z] ----------------------------------------------------------------------
[debug] [2019-04-08T19:05:19.362Z] Command:       /usr/bin/node /usr/bin/firebase serve
[debug] [2019-04-08T19:05:19.362Z] CLI Version:   6.5.0
[debug] [2019-04-08T19:05:19.362Z] Platform:      linux
[debug] [2019-04-08T19:05:19.362Z] Node Version:  v10.15.3
[debug] [2019-04-08T19:05:19.362Z] Time:          Mon Apr 08 2019 22:05:19 GMT+0300 (East Africa Time)
[debug] [2019-04-08T19:05:19.362Z] ----------------------------------------------------------------------
[debug] 
[debug] [2019-04-08T19:05:19.370Z] > command requires scopes: ["email","openid","https://www.googleapis.com/auth/cloudplatformprojects.readonly","https://www.googleapis.com/auth/firebase","https://www.googleapis.com/auth/cloud-platform"]
[debug] [2019-04-08T19:05:19.370Z] > authorizing via signed-in user
[debug] [2019-04-08T19:05:19.370Z] [iam] checking project kibart-gallery for permissions ["firebase.projects.get"]
[debug] [2019-04-08T19:05:19.372Z] >>> HTTP REQUEST POST https://cloudresourcemanager.googleapis.com/v1/projects/kibart-gallery:testIamPermissions  

[debug] [2019-04-08T19:05:21.830Z] <<< HTTP RESPONSE 200
[debug] [2019-04-08T19:05:21.832Z] >>> HTTP REQUEST GET https://cloudresourcemanager.googleapis.com/v1/projects/kibart-gallery  
 
[debug] [2019-04-08T19:05:23.818Z] <<< HTTP RESPONSE 200
[info] 
[info] === Serving from '/home/kibdev/Documents/webProjects/kibartGallery'...
[info] 
[debug] [2019-04-08T19:05:24.540Z] Error: EACCES: permission denied, mkdir '/usr/lib/node_modules/firebase-tools/node_modules/@google-cloud/functions-emulator/logs'
    at Object.mkdirSync (fs.js:752:3)
    at Object.assertLogsPath (/usr/lib/node_modules/firebase-tools/node_modules/@google-cloud/functions-emulator/src/emulator/logs.js:65:10)
    at new Controller (/usr/lib/node_modules/firebase-tools/node_modules/@google-cloud/functions-emulator/src/cli/controller.js:77:32)
    at FunctionsEmulator.start (/usr/lib/node_modules/firebase-tools/lib/functionsEmulator.js:102:23)
    at Object.start (/usr/lib/node_modules/firebase-tools/lib/serve/functions.js:7:33)
    at /usr/lib/node_modules/firebase-tools/lib/serve/index.js:15:23
    at arrayMap (/usr/lib/node_modules/firebase-tools/node_modules/lodash/lodash.js:639:23)
    at Function.map (/usr/lib/node_modules/firebase-tools/node_modules/lodash/lodash.js:9556:14)
    at _serve (/usr/lib/node_modules/firebase-tools/lib/serve/index.js:13:26)
    at Command.module.exports.Command.description.option.option.option.option.before.action [as _action] (/usr/lib/node_modules/firebase-tools/lib/commands/serve.js:55:12)
[error] 
[error] Error: An unexpected error has occurred.
[debug] [2019-04-08T19:06:53.497Z] ----------------------------------------------------------------------
[debug] [2019-04-08T19:06:53.499Z] Command:       /usr/bin/node /usr/bin/firebase serve
[debug] [2019-04-08T19:06:53.499Z] CLI Version:   6.5.3
[debug] [2019-04-08T19:06:53.499Z] Platform:      linux
[debug] [2019-04-08T19:06:53.499Z] Node Version:  v10.15.3
[debug] [2019-04-08T19:06:53.499Z] Time:          Mon Apr 08 2019 22:06:53 GMT+0300 (East Africa Time)
[debug] [2019-04-08T19:06:53.499Z] ----------------------------------------------------------------------
[debug] 
[debug] [2019-04-08T19:06:53.506Z] > command requires scopes: ["email","openid","https://www.googleapis.com/auth/cloudplatformprojects.readonly","https://www.googleapis.com/auth/firebase","https://www.googleapis.com/auth/cloud-platform"]
[debug] [2019-04-08T19:06:53.507Z] > authorizing via signed-in user
[debug] [2019-04-08T19:06:53.507Z] [iam] checking project kibart-gallery for permissions ["firebase.projects.get"]
[debug] [2019-04-08T19:06:53.509Z] >>> HTTP REQUEST POST https://cloudresourcemanager.googleapis.com/v1/projects/kibart-gallery:testIamPermissions  

[debug] [2019-04-08T19:06:56.042Z] <<< HTTP RESPONSE 200
[debug] [2019-04-08T19:06:56.049Z] >>> HTTP REQUEST GET https://cloudresourcemanager.googleapis.com/v1/projects/kibart-gallery  
 
[debug] [2019-04-08T19:06:58.037Z] <<< HTTP RESPONSE 200
[info] 
[info] === Serving from '/home/kibdev/Documents/webProjects/kibartGallery'...
[info] 
[debug] [2019-04-08T19:06:58.935Z] Error: EACCES: permission denied, mkdir '/usr/lib/node_modules/firebase-tools/node_modules/@google-cloud/functions-emulator/logs'
    at Object.mkdirSync (fs.js:752:3)
    at Object.assertLogsPath (/usr/lib/node_modules/firebase-tools/node_modules/@google-cloud/functions-emulator/src/emulator/logs.js:65:10)
    at new Controller (/usr/lib/node_modules/firebase-tools/node_modules/@google-cloud/functions-emulator/src/cli/controller.js:77:32)
    at FunctionsEmulator.start (/usr/lib/node_modules/firebase-tools/lib/functionsEmulator.js:102:23)
    at Object.start (/usr/lib/node_modules/firebase-tools/lib/serve/functions.js:7:33)
    at /usr/lib/node_modules/firebase-tools/lib/serve/index.js:15:23
    at arrayMap (/usr/lib/node_modules/firebase-tools/node_modules/lodash/lodash.js:639:23)
    at Function.map (/usr/lib/node_modules/firebase-tools/node_modules/lodash/lodash.js:9556:14)
    at _serve (/usr/lib/node_modules/firebase-tools/lib/serve/index.js:13:26)
    at Command.module.exports.Command.description.option.option.option.option.before.action [as _action] (/usr/lib/node_modules/firebase-tools/lib/commands/serve.js:55:12)
[error] 
[error] Error: An unexpected error has occurred.
[debug] [2019-04-08T19:07:50.911Z] ----------------------------------------------------------------------
[debug] [2019-04-08T19:07:50.914Z] Command:       /usr/bin/node /usr/bin/firebase serve
[debug] [2019-04-08T19:07:50.914Z] CLI Version:   6.5.3
[debug] [2019-04-08T19:07:50.914Z] Platform:      linux
[debug] [2019-04-08T19:07:50.914Z] Node Version:  v10.15.3
[debug] [2019-04-08T19:07:50.914Z] Time:          Mon Apr 08 2019 22:07:50 GMT+0300 (East Africa Time)
[debug] [2019-04-08T19:07:50.914Z] ----------------------------------------------------------------------
[debug] 
[debug] [2019-04-08T19:07:50.921Z] > command requires scopes: ["email","openid","https://www.googleapis.com/auth/cloudplatformprojects.readonly","https://www.googleapis.com/auth/firebase","https://www.googleapis.com/auth/cloud-platform"]
[debug] [2019-04-08T19:07:50.922Z] > authorizing via signed-in user
[debug] [2019-04-08T19:07:50.922Z] [iam] checking project kibart-gallery for permissions ["firebase.projects.get"]
[debug] [2019-04-08T19:07:50.924Z] >>> HTTP REQUEST POST https://cloudresourcemanager.googleapis.com/v1/projects/kibart-gallery:testIamPermissions  

[debug] [2019-04-08T19:07:53.351Z] <<< HTTP RESPONSE 200
[debug] [2019-04-08T19:07:53.355Z] >>> HTTP REQUEST GET https://cloudresourcemanager.googleapis.com/v1/projects/kibart-gallery  
 
[debug] [2019-04-08T19:07:55.323Z] <<< HTTP RESPONSE 200
[info] 
[info] === Serving from '/home/kibdev/Documents/webProjects/kibartGallery'...
[info] 
[debug] [2019-04-08T19:07:56.011Z] Error: EACCES: permission denied, mkdir '/usr/lib/node_modules/firebase-tools/node_modules/@google-cloud/functions-emulator/logs'
    at Object.mkdirSync (fs.js:752:3)
    at Object.assertLogsPath (/usr/lib/node_modules/firebase-tools/node_modules/@google-cloud/functions-emulator/src/emulator/logs.js:65:10)
    at new Controller (/usr/lib/node_modules/firebase-tools/node_modules/@google-cloud/functions-emulator/src/cli/controller.js:77:32)
    at FunctionsEmulator.start (/usr/lib/node_modules/firebase-tools/lib/functionsEmulator.js:102:23)
    at Object.start (/usr/lib/node_modules/firebase-tools/lib/serve/functions.js:7:33)
    at /usr/lib/node_modules/firebase-tools/lib/serve/index.js:15:23
    at arrayMap (/usr/lib/node_modules/firebase-tools/node_modules/lodash/lodash.js:639:23)
    at Function.map (/usr/lib/node_modules/firebase-tools/node_modules/lodash/lodash.js:9556:14)
    at _serve (/usr/lib/node_modules/firebase-tools/lib/serve/index.js:13:26)
    at Command.module.exports.Command.description.option.option.option.option.before.action [as _action] (/usr/lib/node_modules/firebase-tools/lib/commands/serve.js:55:12)
[error] 
[error] Error: An unexpected error has occurred.
[debug] [2019-04-08T19:09:33.433Z] ----------------------------------------------------------------------
[debug] [2019-04-08T19:09:33.435Z] Command:       /usr/bin/node /usr/bin/firebase serve
[debug] [2019-04-08T19:09:33.435Z] CLI Version:   6.5.3
[debug] [2019-04-08T19:09:33.435Z] Platform:      linux
[debug] [2019-04-08T19:09:33.435Z] Node Version:  v10.15.3
[debug] [2019-04-08T19:09:33.436Z] Time:          Mon Apr 08 2019 22:09:33 GMT+0300 (East Africa Time)
[debug] [2019-04-08T19:09:33.436Z] ----------------------------------------------------------------------
[debug] 
[debug] [2019-04-08T19:09:33.443Z] > command requires scopes: ["email","openid","https://www.googleapis.com/auth/cloudplatformprojects.readonly","https://www.googleapis.com/auth/firebase","https://www.googleapis.com/auth/cloud-platform"]
[debug] [2019-04-08T19:09:33.443Z] > authorizing via signed-in user
[debug] [2019-04-08T19:09:33.443Z] [iam] checking project kibart-gallery for permissions ["firebase.projects.get"]
[debug] [2019-04-08T19:09:33.445Z] >>> HTTP REQUEST POST https://cloudresourcemanager.googleapis.com/v1/projects/kibart-gallery:testIamPermissions  

[debug] [2019-04-08T19:09:35.751Z] <<< HTTP RESPONSE 200
[debug] [2019-04-08T19:09:35.753Z] >>> HTTP REQUEST GET https://cloudresourcemanager.googleapis.com/v1/projects/kibart-gallery  
 
[debug] [2019-04-08T19:09:37.776Z] <<< HTTP RESPONSE 200
[info] 
[info] === Serving from '/home/kibdev/Documents/webProjects/kibartGallery'...
[info] 
[debug] [2019-04-08T19:09:39.195Z] Error: EACCES: permission denied, mkdir '/usr/lib/node_modules/firebase-tools/node_modules/@google-cloud/functions-emulator/logs'
    at Object.mkdirSync (fs.js:752:3)
    at Object.assertLogsPath (/usr/lib/node_modules/firebase-tools/node_modules/@google-cloud/functions-emulator/src/emulator/logs.js:65:10)
    at new Controller (/usr/lib/node_modules/firebase-tools/node_modules/@google-cloud/functions-emulator/src/cli/controller.js:77:32)
    at FunctionsEmulator.start (/usr/lib/node_modules/firebase-tools/lib/functionsEmulator.js:102:23)
    at Object.start (/usr/lib/node_modules/firebase-tools/lib/serve/functions.js:7:33)
    at /usr/lib/node_modules/firebase-tools/lib/serve/index.js:15:23
    at arrayMap (/usr/lib/node_modules/firebase-tools/node_modules/lodash/lodash.js:639:23)
    at Function.map (/usr/lib/node_modules/firebase-tools/node_modules/lodash/lodash.js:9556:14)
    at _serve (/usr/lib/node_modules/firebase-tools/lib/serve/index.js:13:26)
    at Command.module.exports.Command.description.option.option.option.option.before.action [as _action] (/usr/lib/node_modules/firebase-tools/lib/commands/serve.js:55:12)
[error] 
[error] Error: An unexpected error has occurred.
[debug] [2019-04-08T19:11:21.502Z] ----------------------------------------------------------------------
[debug] [2019-04-08T19:11:21.505Z] Command:       /usr/bin/node /usr/bin/firebase deploy
[debug] [2019-04-08T19:11:21.505Z] CLI Version:   6.5.3
[debug] [2019-04-08T19:11:21.505Z] Platform:      linux
[debug] [2019-04-08T19:11:21.505Z] Node Version:  v10.15.3
[debug] [2019-04-08T19:11:21.505Z] Time:          Mon Apr 08 2019 22:11:21 GMT+0300 (East Africa Time)
[debug] [2019-04-08T19:11:21.505Z] ----------------------------------------------------------------------
[debug] 
[debug] [2019-04-08T19:11:21.513Z] > command requires scopes: ["email","openid","https://www.googleapis.com/auth/cloudplatformprojects.readonly","https://www.googleapis.com/auth/firebase","https://www.googleapis.com/auth/cloud-platform"]
[debug] [2019-04-08T19:11:21.513Z] > authorizing via signed-in user
[debug] [2019-04-08T19:11:21.513Z] [iam] checking project kibart-gallery for permissions ["cloudfunctions.functions.create","cloudfunctions.functions.delete","cloudfunctions.functions.get","cloudfunctions.functions.list","cloudfunctions.functions.update","cloudfunctions.operations.get","firebase.projects.get","firebasehosting.sites.update"]
[debug] [2019-04-08T19:11:21.515Z] >>> HTTP REQUEST POST https://cloudresourcemanager.googleapis.com/v1/projects/kibart-gallery:testIamPermissions  

[debug] [2019-04-08T19:11:23.855Z] <<< HTTP RESPONSE 200
[debug] [2019-04-08T19:11:23.857Z] >>> HTTP REQUEST GET https://firebase.googleapis.com/v1beta1/projects/kibart-gallery  
 
[debug] [2019-04-08T19:11:25.140Z] <<< HTTP RESPONSE 200
[info] 
[info] === Deploying to 'kibart-gallery'...
[info] 
[info] i  deploying functions, hosting
[debug] [2019-04-08T19:11:33.361Z] > [functions] package.json contents: {
  "name": "functions",
  "description": "Cloud Functions for Firebase .. KibArt Gallery",
  "scripts": {
    "lint": "eslint .",
    "serve": "firebase serve --only functions",
    "shell": "firebase functions:shell",
    "start": "npm run shell",
    "deploy": "firebase deploy --only functions",
    "logs": "firebase functions:log"
  },
  "dependencies": {
    "firebase-admin": "~7.0.0",
    "firebase-functions": "^2.2.0"
  },
  "devDependencies": {
    "eslint": "^5.12.0",
    "eslint-plugin-promise": "^4.0.1"
  },
  "private": true
}
[info] i  functions: ensuring necessary APIs are enabled...
[debug] [2019-04-08T19:11:33.363Z] >>> HTTP REQUEST GET https://servicemanagement.googleapis.com/v1/services/cloudfunctions.googleapis.com/projectSettings/kibart-gallery?view=CONSUMER_VIEW  
 
[debug] [2019-04-08T19:11:33.363Z] >>> HTTP REQUEST GET https://servicemanagement.googleapis.com/v1/services/runtimeconfig.googleapis.com/projectSettings/kibart-gallery?view=CONSUMER_VIEW  
 
[debug] [2019-04-08T19:11:36.501Z] <<< HTTP RESPONSE 200
[debug] [2019-04-08T19:11:36.763Z] <<< HTTP RESPONSE 200
[info] ✔  functions: all necessary APIs are enabled
[debug] [2019-04-08T19:11:36.766Z] >>> HTTP REQUEST GET https://cloudresourcemanager.googleapis.com/v1/projects/kibart-gallery  
 
[debug] [2019-04-08T19:11:38.741Z] <<< HTTP RESPONSE 200
[debug] [2019-04-08T19:11:38.743Z] >>> HTTP REQUEST GET https://mobilesdk-pa.googleapis.com/v1/projects/84237026232:getServerAppConfig  
 
[debug] [2019-04-08T19:11:39.990Z] <<< HTTP RESPONSE 200
[debug] [2019-04-08T19:11:39.995Z] >>> HTTP REQUEST POST https://firebasehosting.googleapis.com/v1beta1/sites/kibart-gallery/versions  

[debug] [2019-04-08T19:13:51.612Z] ----------------------------------------------------------------------
[debug] [2019-04-08T19:13:51.614Z] Command:       /usr/bin/node /usr/bin/firebase serve
[debug] [2019-04-08T19:13:51.614Z] CLI Version:   6.5.3
[debug] [2019-04-08T19:13:51.614Z] Platform:      linux
[debug] [2019-04-08T19:13:51.614Z] Node Version:  v10.15.3
[debug] [2019-04-08T19:13:51.615Z] Time:          Mon Apr 08 2019 22:13:51 GMT+0300 (East Africa Time)
[debug] [2019-04-08T19:13:51.615Z] ----------------------------------------------------------------------
[debug] 
[debug] [2019-04-08T19:13:51.622Z] > command requires scopes: ["email","openid","https://www.googleapis.com/auth/cloudplatformprojects.readonly","https://www.googleapis.com/auth/firebase","https://www.googleapis.com/auth/cloud-platform"]
[debug] [2019-04-08T19:13:51.622Z] > authorizing via signed-in user
[debug] [2019-04-08T19:13:51.622Z] [iam] checking project kibart-gallery for permissions ["firebase.projects.get"]
[debug] [2019-04-08T19:13:51.624Z] >>> HTTP REQUEST POST https://cloudresourcemanager.googleapis.com/v1/projects/kibart-gallery:testIamPermissions  

[debug] [2019-04-08T19:13:54.037Z] <<< HTTP RESPONSE 200
[debug] [2019-04-08T19:13:54.039Z] >>> HTTP REQUEST GET https://cloudresourcemanager.googleapis.com/v1/projects/kibart-gallery  
 
[debug] [2019-04-08T19:13:56.011Z] <<< HTTP RESPONSE 200
[info] 
[info] === Serving from '/home/kibdev/Documents/webProjects/kibartGallery'...
[info] 
[debug] [2019-04-08T19:13:56.013Z] >>> HTTP REQUEST GET https://mobilesdk-pa.googleapis.com/v1/projects/84237026232/clients/_:getWebAppConfig  
 
[debug] [2019-04-08T19:13:57.309Z] <<< HTTP RESPONSE 200
[info] i  hosting: Serving hosting files from: dist
[info] ✔  hosting: Local server: http://localhost:5000
